(node:4332) ExperimentalWarning: The Node.js specifier resolution flag is experimental. It could change or be removed at any time.
(Use `node --trace-warnings ...` to show where the warning was created)
Unable to load the sleep module (no animations available)
[32minfo[39m:     [chatbotSession] Http chatbot control running on http://localhost:5000/
(node:21052) ExperimentalWarning: The Node.js specifier resolution flag is experimental. It could change or be removed at any time.
(Use `node --trace-warnings ...` to show where the warning was created)
Unable to load the sleep module (no animations available)
[32minfo[39m:     [chatbotSession] Http chatbot control running on http://localhost:4000/
(node:13860) ExperimentalWarning: The Node.js specifier resolution flag is experimental. It could change or be removed at any time.
(Use `node --trace-warnings ...` to show where the warning was created)
Unable to load the sleep module (no animations available)
[32minfo[39m:     [chatbotSession] Http chatbot control running on http://localhost:4000/
(node:15476) ExperimentalWarning: The Node.js specifier resolution flag is experimental. It could change or be removed at any time.
(Use `node --trace-warnings ...` to show where the warning was created)
Unable to load the sleep module (no animations available)
[32minfo[39m:     [chatbotSession] Http chatbot control running on http://localhost:4000/
(node:21180) ExperimentalWarning: The Node.js specifier resolution flag is experimental. It could change or be removed at any time.
(Use `node --trace-warnings ...` to show where the warning was created)
Unable to load the sleep module (no animations available)
[32minfo[39m:     [chatbotSession] Http chatbot control running on http://localhost:4000/
Error: Command failed: yarn stop
'pm2' não é reconhecido como um comando interno
ou externo, um programa operável ou um arquivo em lotes.
error Command failed with exit code 1.

    at ChildProcess.exithandler (node:child_process:398:12)
    at ChildProcess.emit (node:events:527:28)
    at maybeClose (node:internal/child_process:1092:16)
    at Process.ChildProcess._handle.onexit (node:internal/child_process:302:5) {
  code: 1,
  killed: false,
  signal: null,
  cmd: 'yarn stop'
}
Error: Command failed: yarn stop
'pm2' não é reconhecido como um comando interno
ou externo, um programa operável ou um arquivo em lotes.
error Command failed with exit code 1.

    at ChildProcess.exithandler (node:child_process:398:12)
    at ChildProcess.emit (node:events:527:28)
    at maybeClose (node:internal/child_process:1092:16)
    at Process.ChildProcess._handle.onexit (node:internal/child_process:302:5) {
  code: 1,
  killed: false,
  signal: null,
  cmd: 'yarn stop'
}
Error: Command failed: yarn restart
'pm2' não é reconhecido como um comando interno
ou externo, um programa operável ou um arquivo em lotes.
error Command failed with exit code 1.

    at ChildProcess.exithandler (node:child_process:398:12)
    at ChildProcess.emit (node:events:527:28)
    at maybeClose (node:internal/child_process:1092:16)
    at Process.ChildProcess._handle.onexit (node:internal/child_process:302:5) {
  code: 1,
  killed: false,
  signal: null,
  cmd: 'yarn restart'
}
Error: Command failed: yarn stop
'pm2' não é reconhecido como um comando interno
ou externo, um programa operável ou um arquivo em lotes.
error Command failed with exit code 1.

    at ChildProcess.exithandler (node:child_process:398:12)
    at ChildProcess.emit (node:events:527:28)
    at maybeClose (node:internal/child_process:1092:16)
    at Process.ChildProcess._handle.onexit (node:internal/child_process:302:5) {
  code: 1,
  killed: false,
  signal: null,
  cmd: 'yarn stop'
}
Error: Command failed: yarn stop
'pm2' não é reconhecido como um comando interno
ou externo, um programa operável ou um arquivo em lotes.
error Command failed with exit code 1.

    at ChildProcess.exithandler (node:child_process:398:12)
    at ChildProcess.emit (node:events:527:28)
    at maybeClose (node:internal/child_process:1092:16)
    at Process.ChildProcess._handle.onexit (node:internal/child_process:302:5) {
  code: 1,
  killed: false,
  signal: null,
  cmd: 'yarn stop'
}
